Analysis & Synthesis report for rxngame
Fri May  4 12:01:07 2018
Quartus Prime Version 16.0.0 Build 211 04/27/2016 SJ Lite Edition


---------------------
; Table of Contents ;
---------------------
  1. Legal Notice
  2. Analysis & Synthesis Summary
  3. Analysis & Synthesis Settings
  4. Parallel Compilation
  5. Analysis & Synthesis Source Files Read
  6. Analysis & Synthesis Resource Usage Summary
  7. Analysis & Synthesis Resource Utilization by Entity
  8. State Machine - |final|lcd_controller:LCD1|state
  9. State Machine - |final|randomfsm:r0|state
 10. State Machine - |final|randomfsm:r0|random:ranfsm4|state
 11. State Machine - |final|randomfsm:r0|random:ranfsm3|state
 12. State Machine - |final|randomfsm:r0|random:ranfsm2|state
 13. State Machine - |final|randomfsm:r0|random:ranfsm1|state
 14. Registers Removed During Synthesis
 15. Removed Registers Triggering Further Register Optimizations
 16. General Register Statistics
 17. Inverted Register Statistics
 18. Multiplexer Restructuring Statistics (Restructuring Performed)
 19. Port Connectivity Checks: "lcd_controller:LCD1"
 20. Port Connectivity Checks: "Assign:A4"
 21. Port Connectivity Checks: "randomfsm:r0|debouncer:debouncereact|debounce:db_1|dff_new:d_2"
 22. Port Connectivity Checks: "randomfsm:r0|debouncer:debouncereact|debounce:db_1|dff_new:d_1"
 23. Port Connectivity Checks: "randomfsm:r0|counter1:freecount"
 24. Analysis & Synthesis Messages



----------------
; Legal Notice ;
----------------
Copyright (C) 1991-2016 Altera Corporation. All rights reserved.
Your use of Altera Corporation's design tools, logic functions 
and other software and tools, and its AMPP partner logic 
functions, and any output files from any of the foregoing 
(including device programming or simulation files), and any 
associated documentation or information are expressly subject 
to the terms and conditions of the Altera Program License 
Subscription Agreement, the Altera Quartus Prime License Agreement,
the Altera MegaCore Function License Agreement, or other 
applicable license agreement, including, without limitation, 
that your use is for the sole purpose of programming logic 
devices manufactured by Altera and sold by Altera or its 
authorized distributors.  Please refer to the applicable 
agreement for further details.



+---------------------------------------------------------------------------+
; Analysis & Synthesis Summary                                              ;
+-----------------------------+---------------------------------------------+
; Analysis & Synthesis Status ; Successful - Fri May  4 12:01:07 2018       ;
; Quartus Prime Version       ; 16.0.0 Build 211 04/27/2016 SJ Lite Edition ;
; Revision Name               ; rxngame                                     ;
; Top-level Entity Name       ; final                                       ;
; Family                      ; MAX V                                       ;
; Total logic elements        ; 538                                         ;
; Total pins                  ; 21                                          ;
; Total virtual pins          ; 0                                           ;
; UFM blocks                  ; 0 / 1 ( 0 % )                               ;
+-----------------------------+---------------------------------------------+


+----------------------------------------------------------------------------------------------------------------------+
; Analysis & Synthesis Settings                                                                                        ;
+----------------------------------------------------------------------------+--------------------+--------------------+
; Option                                                                     ; Setting            ; Default Value      ;
+----------------------------------------------------------------------------+--------------------+--------------------+
; Device                                                                     ; 5M1270ZT144C5      ;                    ;
; Top-level entity name                                                      ; final              ; rxngame            ;
; Family name                                                                ; MAX V              ; Cyclone V          ;
; Use smart compilation                                                      ; Off                ; Off                ;
; Enable parallel Assembler and TimeQuest Timing Analyzer during compilation ; On                 ; On                 ;
; Enable compact report table                                                ; Off                ; Off                ;
; Restructure Multiplexers                                                   ; Auto               ; Auto               ;
; Create Debugging Nodes for IP Cores                                        ; Off                ; Off                ;
; Preserve fewer node names                                                  ; On                 ; On                 ;
; Disable OpenCore Plus hardware evaluation                                  ; Off                ; Off                ;
; Verilog Version                                                            ; Verilog_2001       ; Verilog_2001       ;
; VHDL Version                                                               ; VHDL_1993          ; VHDL_1993          ;
; State Machine Processing                                                   ; Auto               ; Auto               ;
; Safe State Machine                                                         ; Off                ; Off                ;
; Extract Verilog State Machines                                             ; On                 ; On                 ;
; Extract VHDL State Machines                                                ; On                 ; On                 ;
; Ignore Verilog initial constructs                                          ; Off                ; Off                ;
; Iteration limit for constant Verilog loops                                 ; 5000               ; 5000               ;
; Iteration limit for non-constant Verilog loops                             ; 250                ; 250                ;
; Add Pass-Through Logic to Inferred RAMs                                    ; On                 ; On                 ;
; Infer RAMs from Raw Logic                                                  ; On                 ; On                 ;
; Parallel Synthesis                                                         ; On                 ; On                 ;
; NOT Gate Push-Back                                                         ; On                 ; On                 ;
; Power-Up Don't Care                                                        ; On                 ; On                 ;
; Remove Redundant Logic Cells                                               ; Off                ; Off                ;
; Remove Duplicate Registers                                                 ; On                 ; On                 ;
; Ignore CARRY Buffers                                                       ; Off                ; Off                ;
; Ignore CASCADE Buffers                                                     ; Off                ; Off                ;
; Ignore GLOBAL Buffers                                                      ; Off                ; Off                ;
; Ignore ROW GLOBAL Buffers                                                  ; Off                ; Off                ;
; Ignore LCELL Buffers                                                       ; Off                ; Off                ;
; Ignore SOFT Buffers                                                        ; On                 ; On                 ;
; Limit AHDL Integers to 32 Bits                                             ; Off                ; Off                ;
; Optimization Technique                                                     ; Balanced           ; Balanced           ;
; Carry Chain Length                                                         ; 70                 ; 70                 ;
; Auto Carry Chains                                                          ; On                 ; On                 ;
; Auto Open-Drain Pins                                                       ; On                 ; On                 ;
; Perform WYSIWYG Primitive Resynthesis                                      ; Off                ; Off                ;
; Auto Shift Register Replacement                                            ; Auto               ; Auto               ;
; Allow Shift Register Merging across Hierarchies                            ; Auto               ; Auto               ;
; Auto Clock Enable Replacement                                              ; On                 ; On                 ;
; Allow Synchronous Control Signals                                          ; On                 ; On                 ;
; Force Use of Synchronous Clear Signals                                     ; Off                ; Off                ;
; Auto Resource Sharing                                                      ; Off                ; Off                ;
; Use LogicLock Constraints during Resource Balancing                        ; On                 ; On                 ;
; Ignore translate_off and synthesis_off directives                          ; Off                ; Off                ;
; Report Parameter Settings                                                  ; On                 ; On                 ;
; Report Source Assignments                                                  ; On                 ; On                 ;
; Report Connectivity Checks                                                 ; On                 ; On                 ;
; Ignore Maximum Fan-Out Assignments                                         ; Off                ; Off                ;
; Synchronization Register Chain Length                                      ; 2                  ; 2                  ;
; PowerPlay Power Optimization During Synthesis                              ; Normal compilation ; Normal compilation ;
; HDL message level                                                          ; Level2             ; Level2             ;
; Suppress Register Optimization Related Messages                            ; Off                ; Off                ;
; Number of Removed Registers Reported in Synthesis Report                   ; 5000               ; 5000               ;
; Number of Swept Nodes Reported in Synthesis Report                         ; 5000               ; 5000               ;
; Number of Inverted Registers Reported in Synthesis Report                  ; 100                ; 100                ;
; Clock MUX Protection                                                       ; On                 ; On                 ;
; Block Design Naming                                                        ; Auto               ; Auto               ;
; Synthesis Effort                                                           ; Auto               ; Auto               ;
; Shift Register Replacement - Allow Asynchronous Clear Signal               ; On                 ; On                 ;
; Analysis & Synthesis Message Level                                         ; Medium             ; Medium             ;
; Disable Register Merging Across Hierarchies                                ; Auto               ; Auto               ;
; Synthesis Seed                                                             ; 1                  ; 1                  ;
+----------------------------------------------------------------------------+--------------------+--------------------+


Parallel compilation was disabled, but you have multiple processors available. Enable parallel compilation to reduce compilation time.
+-------------------------------------+
; Parallel Compilation                ;
+----------------------------+--------+
; Processors                 ; Number ;
+----------------------------+--------+
; Number detected on machine ; 4      ;
; Maximum allowed            ; 1      ;
+----------------------------+--------+


+---------------------------------------------------------------------------------------------------------------------------------------------+
; Analysis & Synthesis Source Files Read                                                                                                      ;
+----------------------------------+-----------------+-----------------+------------------------------------------------------------+---------+
; File Name with User-Entered Path ; Used in Netlist ; File Type       ; File Name with Absolute Path                               ; Library ;
+----------------------------------+-----------------+-----------------+------------------------------------------------------------+---------+
; Assign.vhd                       ; yes             ; User VHDL File  ; /home/ritesh/Desktop/digitalLab/rxngame/Assign.vhd         ;         ;
; ../debounce/debounce.vhd         ; yes             ; User VHDL File  ; /home/ritesh/Desktop/digitalLab/debounce/debounce.vhd      ;         ;
; ../debounce/divider.vhd          ; yes             ; User VHDL File  ; /home/ritesh/Desktop/digitalLab/debounce/divider.vhd       ;         ;
; ../debounce/dff_new.vhdl         ; yes             ; User VHDL File  ; /home/ritesh/Desktop/digitalLab/debounce/dff_new.vhdl      ;         ;
; ../debounce/counter4.vhd         ; yes             ; User VHDL File  ; /home/ritesh/Desktop/digitalLab/debounce/counter4.vhd      ;         ;
; ../debounce/debouncer.vhd        ; yes             ; User VHDL File  ; /home/ritesh/Desktop/digitalLab/debounce/debouncer.vhd     ;         ;
; lcd_controller.vhd               ; yes             ; User VHDL File  ; /home/ritesh/Desktop/digitalLab/rxngame/lcd_controller.vhd ;         ;
; random.vhd                       ; yes             ; User VHDL File  ; /home/ritesh/Desktop/digitalLab/rxngame/random.vhd         ;         ;
; randomfsm.vhd                    ; yes             ; User VHDL File  ; /home/ritesh/Desktop/digitalLab/rxngame/randomfsm.vhd      ;         ;
; counter1.vhd                     ; yes             ; User VHDL File  ; /home/ritesh/Desktop/digitalLab/rxngame/counter1.vhd       ;         ;
; counter2.vhd                     ; yes             ; User VHDL File  ; /home/ritesh/Desktop/digitalLab/rxngame/counter2.vhd       ;         ;
; global_counter.vhd               ; yes             ; User VHDL File  ; /home/ritesh/Desktop/digitalLab/rxngame/global_counter.vhd ;         ;
; msclock.vhd                      ; yes             ; User VHDL File  ; /home/ritesh/Desktop/digitalLab/rxngame/msclock.vhd        ;         ;
; final.vhd                        ; yes             ; User VHDL File  ; /home/ritesh/Desktop/digitalLab/rxngame/final.vhd          ;         ;
+----------------------------------+-----------------+-----------------+------------------------------------------------------------+---------+


+-----------------------------------------------------+
; Analysis & Synthesis Resource Usage Summary         ;
+---------------------------------------------+-------+
; Resource                                    ; Usage ;
+---------------------------------------------+-------+
; Total logic elements                        ; 538   ;
;     -- Combinational with no register       ; 270   ;
;     -- Register only                        ; 92    ;
;     -- Combinational with a register        ; 176   ;
;                                             ;       ;
; Logic element usage by number of LUT inputs ;       ;
;     -- 4 input functions                    ; 128   ;
;     -- 3 input functions                    ; 73    ;
;     -- 2 input functions                    ; 212   ;
;     -- 1 input functions                    ; 33    ;
;     -- 0 input functions                    ; 0     ;
;                                             ;       ;
; Logic elements by mode                      ;       ;
;     -- normal mode                          ; 370   ;
;     -- arithmetic mode                      ; 168   ;
;     -- qfbk mode                            ; 0     ;
;     -- register cascade mode                ; 0     ;
;     -- synchronous clear/load mode          ; 18    ;
;     -- asynchronous clear/load mode         ; 166   ;
;                                             ;       ;
; Total registers                             ; 268   ;
; Total logic cells in carry chains           ; 174   ;
; I/O pins                                    ; 21    ;
; Maximum fan-out node                        ; CLK   ;
; Maximum fan-out                             ; 153   ;
; Total fan-out                               ; 1792  ;
; Average fan-out                             ; 3.21  ;
+---------------------------------------------+-------+


+------------------------------------------------------------------------------------------------------------------------------------------------------------------------------------------------------------------------------------------------------------------------------------------------------------------+
; Analysis & Synthesis Resource Utilization by Entity                                                                                                                                                                                                                                                              ;
+-----------------------------------+-------------+--------------+------------+------+--------------+--------------+-------------------+------------------+-----------------+------------+-----------------------------------------------------------------------------------------+----------------+--------------+
; Compilation Hierarchy Node        ; Logic Cells ; LC Registers ; UFM Blocks ; Pins ; Virtual Pins ; LUT-Only LCs ; Register-Only LCs ; LUT/Register LCs ; Carry Chain LCs ; Packed LCs ; Full Hierarchy Name                                                                     ; Entity Name    ; Library Name ;
+-----------------------------------+-------------+--------------+------------+------+--------------+--------------+-------------------+------------------+-----------------+------------+-----------------------------------------------------------------------------------------+----------------+--------------+
; |final                            ; 538 (45)    ; 268          ; 0          ; 21   ; 0            ; 270 (32)     ; 92 (1)            ; 176 (12)         ; 174 (0)         ; 0 (0)      ; |final                                                                                  ; final          ; work         ;
;    |lcd_controller:LCD1|          ; 59 (59)     ; 35           ; 0          ; 0    ; 0            ; 24 (24)      ; 6 (6)             ; 29 (29)          ; 0 (0)           ; 0 (0)      ; |final|lcd_controller:LCD1                                                              ; lcd_controller ; work         ;
;    |msclock:msclock1|             ; 76 (76)     ; 33           ; 0          ; 0    ; 0            ; 43 (43)      ; 25 (25)           ; 8 (8)            ; 32 (32)         ; 0 (0)      ; |final|msclock:msclock1                                                                 ; msclock        ; work         ;
;    |randomfsm:r0|                 ; 358 (72)    ; 187          ; 0          ; 0    ; 0            ; 171 (32)     ; 60 (2)            ; 127 (38)         ; 142 (31)        ; 0 (0)      ; |final|randomfsm:r0                                                                     ; randomfsm      ; work         ;
;       |counter1:freecount|        ; 75 (75)     ; 33           ; 0          ; 0    ; 0            ; 42 (42)      ; 19 (19)           ; 14 (14)          ; 32 (32)         ; 0 (0)      ; |final|randomfsm:r0|counter1:freecount                                                  ; counter1       ; work         ;
;       |counter1:onescount1|       ; 75 (75)     ; 33           ; 0          ; 0    ; 0            ; 42 (42)      ; 19 (19)           ; 14 (14)          ; 32 (32)         ; 0 (0)      ; |final|randomfsm:r0|counter1:onescount1                                                 ; counter1       ; work         ;
;       |counter2:twoscount|        ; 75 (75)     ; 33           ; 0          ; 0    ; 0            ; 42 (42)      ; 19 (19)           ; 14 (14)          ; 32 (32)         ; 0 (0)      ; |final|randomfsm:r0|counter2:twoscount                                                  ; counter2       ; work         ;
;       |debouncer:debouncereact|   ; 30 (0)      ; 20           ; 0          ; 0    ; 0            ; 10 (0)       ; 0 (0)             ; 20 (0)           ; 0 (0)           ; 0 (0)      ; |final|randomfsm:r0|debouncer:debouncereact                                             ; debouncer      ; work         ;
;          |debounce:db_1|          ; 3 (1)       ; 2            ; 0          ; 0    ; 0            ; 1 (1)        ; 0 (0)             ; 2 (0)            ; 0 (0)           ; 0 (0)      ; |final|randomfsm:r0|debouncer:debouncereact|debounce:db_1                               ; debounce       ; work         ;
;             |dff_new:d_1|         ; 1 (1)       ; 1            ; 0          ; 0    ; 0            ; 0 (0)        ; 0 (0)             ; 1 (1)            ; 0 (0)           ; 0 (0)      ; |final|randomfsm:r0|debouncer:debouncereact|debounce:db_1|dff_new:d_1                   ; dff_new        ; work         ;
;             |dff_new:d_2|         ; 1 (1)       ; 1            ; 0          ; 0    ; 0            ; 0 (0)        ; 0 (0)             ; 1 (1)            ; 0 (0)           ; 0 (0)      ; |final|randomfsm:r0|debouncer:debouncereact|debounce:db_1|dff_new:d_2                   ; dff_new        ; work         ;
;          |divider:d_1|            ; 27 (0)      ; 18           ; 0          ; 0    ; 0            ; 9 (0)        ; 0 (0)             ; 18 (0)           ; 0 (0)           ; 0 (0)      ; |final|randomfsm:r0|debouncer:debouncereact|divider:d_1                                 ; divider        ; work         ;
;             |counter4:\g_1:0:c_2| ; 3 (1)       ; 2            ; 0          ; 0    ; 0            ; 1 (1)        ; 0 (0)             ; 2 (0)            ; 0 (0)           ; 0 (0)      ; |final|randomfsm:r0|debouncer:debouncereact|divider:d_1|counter4:\g_1:0:c_2             ; counter4       ; work         ;
;                |dff_new:d_1|      ; 1 (1)       ; 1            ; 0          ; 0    ; 0            ; 0 (0)        ; 0 (0)             ; 1 (1)            ; 0 (0)           ; 0 (0)      ; |final|randomfsm:r0|debouncer:debouncereact|divider:d_1|counter4:\g_1:0:c_2|dff_new:d_1 ; dff_new        ; work         ;
;                |dff_new:d_2|      ; 1 (1)       ; 1            ; 0          ; 0    ; 0            ; 0 (0)        ; 0 (0)             ; 1 (1)            ; 0 (0)           ; 0 (0)      ; |final|randomfsm:r0|debouncer:debouncereact|divider:d_1|counter4:\g_1:0:c_2|dff_new:d_2 ; dff_new        ; work         ;
;             |counter4:\g_1:1:c_2| ; 3 (1)       ; 2            ; 0          ; 0    ; 0            ; 1 (1)        ; 0 (0)             ; 2 (0)            ; 0 (0)           ; 0 (0)      ; |final|randomfsm:r0|debouncer:debouncereact|divider:d_1|counter4:\g_1:1:c_2             ; counter4       ; work         ;
;                |dff_new:d_1|      ; 1 (1)       ; 1            ; 0          ; 0    ; 0            ; 0 (0)        ; 0 (0)             ; 1 (1)            ; 0 (0)           ; 0 (0)      ; |final|randomfsm:r0|debouncer:debouncereact|divider:d_1|counter4:\g_1:1:c_2|dff_new:d_1 ; dff_new        ; work         ;
;                |dff_new:d_2|      ; 1 (1)       ; 1            ; 0          ; 0    ; 0            ; 0 (0)        ; 0 (0)             ; 1 (1)            ; 0 (0)           ; 0 (0)      ; |final|randomfsm:r0|debouncer:debouncereact|divider:d_1|counter4:\g_1:1:c_2|dff_new:d_2 ; dff_new        ; work         ;
;             |counter4:\g_1:2:c_2| ; 3 (1)       ; 2            ; 0          ; 0    ; 0            ; 1 (1)        ; 0 (0)             ; 2 (0)            ; 0 (0)           ; 0 (0)      ; |final|randomfsm:r0|debouncer:debouncereact|divider:d_1|counter4:\g_1:2:c_2             ; counter4       ; work         ;
;                |dff_new:d_1|      ; 1 (1)       ; 1            ; 0          ; 0    ; 0            ; 0 (0)        ; 0 (0)             ; 1 (1)            ; 0 (0)           ; 0 (0)      ; |final|randomfsm:r0|debouncer:debouncereact|divider:d_1|counter4:\g_1:2:c_2|dff_new:d_1 ; dff_new        ; work         ;
;                |dff_new:d_2|      ; 1 (1)       ; 1            ; 0          ; 0    ; 0            ; 0 (0)        ; 0 (0)             ; 1 (1)            ; 0 (0)           ; 0 (0)      ; |final|randomfsm:r0|debouncer:debouncereact|divider:d_1|counter4:\g_1:2:c_2|dff_new:d_2 ; dff_new        ; work         ;
;             |counter4:\g_1:3:c_2| ; 3 (1)       ; 2            ; 0          ; 0    ; 0            ; 1 (1)        ; 0 (0)             ; 2 (0)            ; 0 (0)           ; 0 (0)      ; |final|randomfsm:r0|debouncer:debouncereact|divider:d_1|counter4:\g_1:3:c_2             ; counter4       ; work         ;
;                |dff_new:d_1|      ; 1 (1)       ; 1            ; 0          ; 0    ; 0            ; 0 (0)        ; 0 (0)             ; 1 (1)            ; 0 (0)           ; 0 (0)      ; |final|randomfsm:r0|debouncer:debouncereact|divider:d_1|counter4:\g_1:3:c_2|dff_new:d_1 ; dff_new        ; work         ;
;                |dff_new:d_2|      ; 1 (1)       ; 1            ; 0          ; 0    ; 0            ; 0 (0)        ; 0 (0)             ; 1 (1)            ; 0 (0)           ; 0 (0)      ; |final|randomfsm:r0|debouncer:debouncereact|divider:d_1|counter4:\g_1:3:c_2|dff_new:d_2 ; dff_new        ; work         ;
;             |counter4:\g_1:4:c_2| ; 3 (1)       ; 2            ; 0          ; 0    ; 0            ; 1 (1)        ; 0 (0)             ; 2 (0)            ; 0 (0)           ; 0 (0)      ; |final|randomfsm:r0|debouncer:debouncereact|divider:d_1|counter4:\g_1:4:c_2             ; counter4       ; work         ;
;                |dff_new:d_1|      ; 1 (1)       ; 1            ; 0          ; 0    ; 0            ; 0 (0)        ; 0 (0)             ; 1 (1)            ; 0 (0)           ; 0 (0)      ; |final|randomfsm:r0|debouncer:debouncereact|divider:d_1|counter4:\g_1:4:c_2|dff_new:d_1 ; dff_new        ; work         ;
;                |dff_new:d_2|      ; 1 (1)       ; 1            ; 0          ; 0    ; 0            ; 0 (0)        ; 0 (0)             ; 1 (1)            ; 0 (0)           ; 0 (0)      ; |final|randomfsm:r0|debouncer:debouncereact|divider:d_1|counter4:\g_1:4:c_2|dff_new:d_2 ; dff_new        ; work         ;
;             |counter4:\g_1:5:c_2| ; 3 (1)       ; 2            ; 0          ; 0    ; 0            ; 1 (1)        ; 0 (0)             ; 2 (0)            ; 0 (0)           ; 0 (0)      ; |final|randomfsm:r0|debouncer:debouncereact|divider:d_1|counter4:\g_1:5:c_2             ; counter4       ; work         ;
;                |dff_new:d_1|      ; 1 (1)       ; 1            ; 0          ; 0    ; 0            ; 0 (0)        ; 0 (0)             ; 1 (1)            ; 0 (0)           ; 0 (0)      ; |final|randomfsm:r0|debouncer:debouncereact|divider:d_1|counter4:\g_1:5:c_2|dff_new:d_1 ; dff_new        ; work         ;
;                |dff_new:d_2|      ; 1 (1)       ; 1            ; 0          ; 0    ; 0            ; 0 (0)        ; 0 (0)             ; 1 (1)            ; 0 (0)           ; 0 (0)      ; |final|randomfsm:r0|debouncer:debouncereact|divider:d_1|counter4:\g_1:5:c_2|dff_new:d_2 ; dff_new        ; work         ;
;             |counter4:\g_1:6:c_2| ; 3 (1)       ; 2            ; 0          ; 0    ; 0            ; 1 (1)        ; 0 (0)             ; 2 (0)            ; 0 (0)           ; 0 (0)      ; |final|randomfsm:r0|debouncer:debouncereact|divider:d_1|counter4:\g_1:6:c_2             ; counter4       ; work         ;
;                |dff_new:d_1|      ; 1 (1)       ; 1            ; 0          ; 0    ; 0            ; 0 (0)        ; 0 (0)             ; 1 (1)            ; 0 (0)           ; 0 (0)      ; |final|randomfsm:r0|debouncer:debouncereact|divider:d_1|counter4:\g_1:6:c_2|dff_new:d_1 ; dff_new        ; work         ;
;                |dff_new:d_2|      ; 1 (1)       ; 1            ; 0          ; 0    ; 0            ; 0 (0)        ; 0 (0)             ; 1 (1)            ; 0 (0)           ; 0 (0)      ; |final|randomfsm:r0|debouncer:debouncereact|divider:d_1|counter4:\g_1:6:c_2|dff_new:d_2 ; dff_new        ; work         ;
;             |counter4:\g_1:7:c_2| ; 3 (1)       ; 2            ; 0          ; 0    ; 0            ; 1 (1)        ; 0 (0)             ; 2 (0)            ; 0 (0)           ; 0 (0)      ; |final|randomfsm:r0|debouncer:debouncereact|divider:d_1|counter4:\g_1:7:c_2             ; counter4       ; work         ;
;                |dff_new:d_1|      ; 1 (1)       ; 1            ; 0          ; 0    ; 0            ; 0 (0)        ; 0 (0)             ; 1 (1)            ; 0 (0)           ; 0 (0)      ; |final|randomfsm:r0|debouncer:debouncereact|divider:d_1|counter4:\g_1:7:c_2|dff_new:d_1 ; dff_new        ; work         ;
;                |dff_new:d_2|      ; 1 (1)       ; 1            ; 0          ; 0    ; 0            ; 0 (0)        ; 0 (0)             ; 1 (1)            ; 0 (0)           ; 0 (0)      ; |final|randomfsm:r0|debouncer:debouncereact|divider:d_1|counter4:\g_1:7:c_2|dff_new:d_2 ; dff_new        ; work         ;
;             |counter4:c_1|        ; 3 (1)       ; 2            ; 0          ; 0    ; 0            ; 1 (1)        ; 0 (0)             ; 2 (0)            ; 0 (0)           ; 0 (0)      ; |final|randomfsm:r0|debouncer:debouncereact|divider:d_1|counter4:c_1                    ; counter4       ; work         ;
;                |dff_new:d_1|      ; 1 (1)       ; 1            ; 0          ; 0    ; 0            ; 0 (0)        ; 0 (0)             ; 1 (1)            ; 0 (0)           ; 0 (0)      ; |final|randomfsm:r0|debouncer:debouncereact|divider:d_1|counter4:c_1|dff_new:d_1        ; dff_new        ; work         ;
;                |dff_new:d_2|      ; 1 (1)       ; 1            ; 0          ; 0    ; 0            ; 0 (0)        ; 0 (0)             ; 1 (1)            ; 0 (0)           ; 0 (0)      ; |final|randomfsm:r0|debouncer:debouncereact|divider:d_1|counter4:c_1|dff_new:d_2        ; dff_new        ; work         ;
;       |global_counter:global1|    ; 16 (16)     ; 16           ; 0          ; 0    ; 0            ; 0 (0)        ; 0 (0)             ; 16 (16)          ; 15 (15)         ; 0 (0)      ; |final|randomfsm:r0|global_counter:global1                                              ; global_counter ; work         ;
;       |msclock:msclock1|          ; 1 (1)       ; 1            ; 0          ; 0    ; 0            ; 0 (0)        ; 0 (0)             ; 1 (1)            ; 0 (0)           ; 0 (0)      ; |final|randomfsm:r0|msclock:msclock1                                                    ; msclock        ; work         ;
;       |random:ranfsm1|            ; 4 (4)       ; 3            ; 0          ; 0    ; 0            ; 1 (1)        ; 0 (0)             ; 3 (3)            ; 0 (0)           ; 0 (0)      ; |final|randomfsm:r0|random:ranfsm1                                                      ; random         ; work         ;
;       |random:ranfsm2|            ; 4 (4)       ; 3            ; 0          ; 0    ; 0            ; 1 (1)        ; 1 (1)             ; 2 (2)            ; 0 (0)           ; 0 (0)      ; |final|randomfsm:r0|random:ranfsm2                                                      ; random         ; work         ;
;       |random:ranfsm3|            ; 3 (3)       ; 3            ; 0          ; 0    ; 0            ; 0 (0)        ; 0 (0)             ; 3 (3)            ; 0 (0)           ; 0 (0)      ; |final|randomfsm:r0|random:ranfsm3                                                      ; random         ; work         ;
;       |random:ranfsm4|            ; 3 (3)       ; 2            ; 0          ; 0    ; 0            ; 1 (1)        ; 0 (0)             ; 2 (2)            ; 0 (0)           ; 0 (0)      ; |final|randomfsm:r0|random:ranfsm4                                                      ; random         ; work         ;
+-----------------------------------+-------------+--------------+------------+------+--------------+--------------+-------------------+------------------+-----------------+------------+-----------------------------------------------------------------------------------------+----------------+--------------+
Note: For table entries with two numbers listed, the numbers in parentheses indicate the number of resources of the given type used by the specific entity alone. The numbers listed outside of parentheses indicate the total resources of the given type used by the specific entity and all of its sub-entities in the hierarchy.


Encoding Type:  One-Hot
+-------------------------------------------------------------------------------------------------------------------------------------------------+
; State Machine - |final|lcd_controller:LCD1|state                                                                                                ;
+-----------+-----------+-----------+----------+----------+----------+----------+----------+----------+----------+----------+----------+----------+
; Name      ; state.S11 ; state.S10 ; state.S9 ; state.S8 ; state.S7 ; state.S6 ; state.S5 ; state.S4 ; state.S3 ; state.S2 ; state.S1 ; state.S0 ;
+-----------+-----------+-----------+----------+----------+----------+----------+----------+----------+----------+----------+----------+----------+
; state.S0  ; 0         ; 0         ; 0        ; 0        ; 0        ; 0        ; 0        ; 0        ; 0        ; 0        ; 0        ; 0        ;
; state.S1  ; 0         ; 0         ; 0        ; 0        ; 0        ; 0        ; 0        ; 0        ; 0        ; 0        ; 1        ; 1        ;
; state.S2  ; 0         ; 0         ; 0        ; 0        ; 0        ; 0        ; 0        ; 0        ; 0        ; 1        ; 0        ; 1        ;
; state.S3  ; 0         ; 0         ; 0        ; 0        ; 0        ; 0        ; 0        ; 0        ; 1        ; 0        ; 0        ; 1        ;
; state.S4  ; 0         ; 0         ; 0        ; 0        ; 0        ; 0        ; 0        ; 1        ; 0        ; 0        ; 0        ; 1        ;
; state.S5  ; 0         ; 0         ; 0        ; 0        ; 0        ; 0        ; 1        ; 0        ; 0        ; 0        ; 0        ; 1        ;
; state.S6  ; 0         ; 0         ; 0        ; 0        ; 0        ; 1        ; 0        ; 0        ; 0        ; 0        ; 0        ; 1        ;
; state.S7  ; 0         ; 0         ; 0        ; 0        ; 1        ; 0        ; 0        ; 0        ; 0        ; 0        ; 0        ; 1        ;
; state.S8  ; 0         ; 0         ; 0        ; 1        ; 0        ; 0        ; 0        ; 0        ; 0        ; 0        ; 0        ; 1        ;
; state.S9  ; 0         ; 0         ; 1        ; 0        ; 0        ; 0        ; 0        ; 0        ; 0        ; 0        ; 0        ; 1        ;
; state.S10 ; 0         ; 1         ; 0        ; 0        ; 0        ; 0        ; 0        ; 0        ; 0        ; 0        ; 0        ; 1        ;
; state.S11 ; 1         ; 0         ; 0        ; 0        ; 0        ; 0        ; 0        ; 0        ; 0        ; 0        ; 0        ; 1        ;
+-----------+-----------+-----------+----------+----------+----------+----------+----------+----------+----------+----------+----------+----------+


Encoding Type:  One-Hot
+--------------------------------------------------------------------------------------------------------------------------------------------------+
; State Machine - |final|randomfsm:r0|state                                                                                                        ;
+-----------------+---------------+-----------------+-----------------+----------------+---------------+------------+---------------+--------------+
; Name            ; state.sfinish ; state.scountadd ; state.sgameover ; state.swait1s2 ; state.swait2s ; state.sled ; state.swait1s ; state.sstart ;
+-----------------+---------------+-----------------+-----------------+----------------+---------------+------------+---------------+--------------+
; state.sstart    ; 0             ; 0               ; 0               ; 0              ; 0             ; 0          ; 0             ; 0            ;
; state.swait1s   ; 0             ; 0               ; 0               ; 0              ; 0             ; 0          ; 1             ; 1            ;
; state.sled      ; 0             ; 0               ; 0               ; 0              ; 0             ; 1          ; 0             ; 1            ;
; state.swait2s   ; 0             ; 0               ; 0               ; 0              ; 1             ; 0          ; 0             ; 1            ;
; state.swait1s2  ; 0             ; 0               ; 0               ; 1              ; 0             ; 0          ; 0             ; 1            ;
; state.sgameover ; 0             ; 0               ; 1               ; 0              ; 0             ; 0          ; 0             ; 1            ;
; state.scountadd ; 0             ; 1               ; 0               ; 0              ; 0             ; 0          ; 0             ; 1            ;
; state.sfinish   ; 1             ; 0               ; 0               ; 0              ; 0             ; 0          ; 0             ; 1            ;
+-----------------+---------------+-----------------+-----------------+----------------+---------------+------------+---------------+--------------+


Encoding Type:  One-Hot
+----------------------------------------------------------+
; State Machine - |final|randomfsm:r0|random:ranfsm4|state ;
+--------------+----------+----------+---------------------+
; Name         ; state.s0 ; state.s1 ; state.sstart        ;
+--------------+----------+----------+---------------------+
; state.sstart ; 0        ; 0        ; 0                   ;
; state.s1     ; 0        ; 1        ; 1                   ;
; state.s0     ; 1        ; 0        ; 1                   ;
+--------------+----------+----------+---------------------+


Encoding Type:  One-Hot
+----------------------------------------------------------+
; State Machine - |final|randomfsm:r0|random:ranfsm3|state ;
+--------------+----------+----------+---------------------+
; Name         ; state.s0 ; state.s1 ; state.sstart        ;
+--------------+----------+----------+---------------------+
; state.sstart ; 0        ; 0        ; 0                   ;
; state.s1     ; 0        ; 1        ; 1                   ;
; state.s0     ; 1        ; 0        ; 1                   ;
+--------------+----------+----------+---------------------+


Encoding Type:  One-Hot
+----------------------------------------------------------+
; State Machine - |final|randomfsm:r0|random:ranfsm2|state ;
+--------------+----------+----------+---------------------+
; Name         ; state.s0 ; state.s1 ; state.sstart        ;
+--------------+----------+----------+---------------------+
; state.sstart ; 0        ; 0        ; 0                   ;
; state.s1     ; 0        ; 1        ; 1                   ;
; state.s0     ; 1        ; 0        ; 1                   ;
+--------------+----------+----------+---------------------+


Encoding Type:  One-Hot
+----------------------------------------------------------+
; State Machine - |final|randomfsm:r0|random:ranfsm1|state ;
+--------------+----------+----------+---------------------+
; Name         ; state.s0 ; state.s1 ; state.sstart        ;
+--------------+----------+----------+---------------------+
; state.sstart ; 0        ; 0        ; 0                   ;
; state.s1     ; 0        ; 1        ; 1                   ;
; state.s0     ; 1        ; 0        ; 1                   ;
+--------------+----------+----------+---------------------+


+-------------------------------------------------------------------------------------------------+
; Registers Removed During Synthesis                                                              ;
+------------------------------------------+------------------------------------------------------+
; Register name                            ; Reason for Removal                                   ;
+------------------------------------------+------------------------------------------------------+
; lcd_controller:LCD1|cmd_position[4..6]   ; Stuck at GND due to stuck port data_in               ;
; lcd_controller:LCD1|cmd_position[7]      ; Stuck at VCC due to stuck port data_in               ;
; randomfsm:r0|msclock:msclock1|count[31]  ; Merged with msclock:msclock1|count[31]               ;
; randomfsm:r0|msclock:msclock1|count[30]  ; Merged with msclock:msclock1|count[30]               ;
; randomfsm:r0|msclock:msclock1|count[29]  ; Merged with msclock:msclock1|count[29]               ;
; randomfsm:r0|msclock:msclock1|count[28]  ; Merged with msclock:msclock1|count[28]               ;
; randomfsm:r0|msclock:msclock1|count[27]  ; Merged with msclock:msclock1|count[27]               ;
; randomfsm:r0|msclock:msclock1|count[26]  ; Merged with msclock:msclock1|count[26]               ;
; randomfsm:r0|msclock:msclock1|count[25]  ; Merged with msclock:msclock1|count[25]               ;
; randomfsm:r0|msclock:msclock1|count[24]  ; Merged with msclock:msclock1|count[24]               ;
; randomfsm:r0|msclock:msclock1|count[23]  ; Merged with msclock:msclock1|count[23]               ;
; randomfsm:r0|msclock:msclock1|count[22]  ; Merged with msclock:msclock1|count[22]               ;
; randomfsm:r0|msclock:msclock1|count[21]  ; Merged with msclock:msclock1|count[21]               ;
; randomfsm:r0|msclock:msclock1|count[20]  ; Merged with msclock:msclock1|count[20]               ;
; randomfsm:r0|msclock:msclock1|count[19]  ; Merged with msclock:msclock1|count[19]               ;
; randomfsm:r0|msclock:msclock1|count[18]  ; Merged with msclock:msclock1|count[18]               ;
; randomfsm:r0|msclock:msclock1|count[17]  ; Merged with msclock:msclock1|count[17]               ;
; randomfsm:r0|msclock:msclock1|count[16]  ; Merged with msclock:msclock1|count[16]               ;
; randomfsm:r0|msclock:msclock1|count[15]  ; Merged with msclock:msclock1|count[15]               ;
; randomfsm:r0|msclock:msclock1|count[12]  ; Merged with msclock:msclock1|count[12]               ;
; randomfsm:r0|msclock:msclock1|count[11]  ; Merged with msclock:msclock1|count[11]               ;
; randomfsm:r0|msclock:msclock1|count[10]  ; Merged with msclock:msclock1|count[10]               ;
; randomfsm:r0|msclock:msclock1|count[9]   ; Merged with msclock:msclock1|count[9]                ;
; randomfsm:r0|msclock:msclock1|count[6]   ; Merged with msclock:msclock1|count[6]                ;
; randomfsm:r0|msclock:msclock1|count[4]   ; Merged with msclock:msclock1|count[4]                ;
; randomfsm:r0|msclock:msclock1|count[2]   ; Merged with msclock:msclock1|count[2]                ;
; randomfsm:r0|msclock:msclock1|count[1]   ; Merged with msclock:msclock1|count[1]                ;
; randomfsm:r0|msclock:msclock1|count[0]   ; Merged with msclock:msclock1|count[0]                ;
; randomfsm:r0|msclock:msclock1|count[14]  ; Merged with msclock:msclock1|count[14]               ;
; randomfsm:r0|msclock:msclock1|count[13]  ; Merged with msclock:msclock1|count[13]               ;
; randomfsm:r0|msclock:msclock1|count[8]   ; Merged with msclock:msclock1|count[8]                ;
; randomfsm:r0|msclock:msclock1|count[7]   ; Merged with msclock:msclock1|count[7]                ;
; randomfsm:r0|msclock:msclock1|count[5]   ; Merged with msclock:msclock1|count[5]                ;
; randomfsm:r0|msclock:msclock1|count[3]   ; Merged with msclock:msclock1|count[3]                ;
; lcd_controller:LCD1|lcd_rw               ; Stuck at GND due to stuck port data_in               ;
; lcd_data[7]                              ; Stuck at GND due to stuck port data_in               ;
; lcd_controller:LCD1|data_dis[7]          ; Stuck at GND due to stuck port data_in               ;
; lcd_controller:LCD1|state.S10            ; Lost fanout                                          ;
; lcd_controller:LCD1|state.S11            ; Lost fanout                                          ;
; randomfsm:r0|random:ranfsm4|state.sstart ; Merged with randomfsm:r0|random:ranfsm1|state.sstart ;
; Total Number of Removed Registers = 42   ;                                                      ;
+------------------------------------------+------------------------------------------------------+


+------------------------------------------------------------------------------------+
; Removed Registers Triggering Further Register Optimizations                        ;
+---------------+---------------------------+----------------------------------------+
; Register name ; Reason for Removal        ; Registers Removed due to This Register ;
+---------------+---------------------------+----------------------------------------+
; lcd_data[7]   ; Stuck at GND              ; lcd_controller:LCD1|data_dis[7]        ;
;               ; due to stuck port data_in ;                                        ;
+---------------+---------------------------+----------------------------------------+


+------------------------------------------------------+
; General Register Statistics                          ;
+----------------------------------------------+-------+
; Statistic                                    ; Value ;
+----------------------------------------------+-------+
; Total registers                              ; 268   ;
; Number of registers using Synchronous Clear  ; 16    ;
; Number of registers using Synchronous Load   ; 2     ;
; Number of registers using Asynchronous Clear ; 166   ;
; Number of registers using Asynchronous Load  ; 0     ;
; Number of registers using Clock Enable       ; 45    ;
; Number of registers using Preset             ; 0     ;
+----------------------------------------------+-------+


+-----------------------------------------------------+
; Inverted Register Statistics                        ;
+-------------------------------------------+---------+
; Inverted Register                         ; Fan out ;
+-------------------------------------------+---------+
; randomfsm:r0|counter1:onescount1|count[0] ; 3       ;
; randomfsm:r0|counter2:twoscount|count[0]  ; 3       ;
; msclock:msclock1|count[0]                 ; 3       ;
; randomfsm:r0|counter1:freecount|count[0]  ; 3       ;
; Total number of inverted registers = 4    ;         ;
+-------------------------------------------+---------+


+------------------------------------------------------------------------------------------------------------------------------------------------------+
; Multiplexer Restructuring Statistics (Restructuring Performed)                                                                                       ;
+--------------------+-----------+---------------+----------------------+------------------------+------------+----------------------------------------+
; Multiplexer Inputs ; Bus Width ; Baseline Area ; Area if Restructured ; Saving if Restructured ; Registered ; Example Multiplexer Output             ;
+--------------------+-----------+---------------+----------------------+------------------------+------------+----------------------------------------+
; 3:1                ; 8 bits    ; 16 LEs        ; 8 LEs                ; 8 LEs                  ; Yes        ; |final|lcd_controller:LCD1|data_dis[1] ;
; 8:1                ; 2 bits    ; 10 LEs        ; 6 LEs                ; 4 LEs                  ; Yes        ; |final|col[3]                          ;
; 9:1                ; 3 bits    ; 18 LEs        ; 6 LEs                ; 12 LEs                 ; Yes        ; |final|lcd_controller:LCD1|lcd[4]      ;
; 3:1                ; 2 bits    ; 4 LEs         ; 4 LEs                ; 0 LEs                  ; No         ; |final|randomfsm:r0|gameover           ;
; 4:1                ; 2 bits    ; 4 LEs         ; 2 LEs                ; 2 LEs                  ; No         ; |final|lcd_controller:LCD1|state       ;
+--------------------+-----------+---------------+----------------------+------------------------+------------+----------------------------------------+


+-------------------------------------------------+
; Port Connectivity Checks: "lcd_controller:LCD1" ;
+-----------+-------+----------+------------------+
; Port      ; Type  ; Severity ; Details          ;
+-----------+-------+----------+------------------+
; write_row ; Input ; Info     ; Stuck at GND     ;
+-----------+-------+----------+------------------+


+----------------------------------------+
; Port Connectivity Checks: "Assign:A4"  ;
+------+-------+----------+--------------+
; Port ; Type  ; Severity ; Details      ;
+------+-------+----------+--------------+
; x    ; Input ; Info     ; Stuck at GND ;
+------+-------+----------+--------------+


+-------------------------------------------------------------------------------------------------------------------------------------------------------------------------+
; Port Connectivity Checks: "randomfsm:r0|debouncer:debouncereact|debounce:db_1|dff_new:d_2"                                                                              ;
+-------+-------+----------+----------------------------------------------------------------------------------------------------------------------------------------------+
; Port  ; Type  ; Severity ; Details                                                                                                                                      ;
+-------+-------+----------+----------------------------------------------------------------------------------------------------------------------------------------------+
; reset ; Input ; Warning  ; Declared by entity but not connected by instance. If a default value exists, it will be used.  Otherwise, the port will be connected to GND. ;
+-------+-------+----------+----------------------------------------------------------------------------------------------------------------------------------------------+


+-------------------------------------------------------------------------------------------------------------------------------------------------------------------------+
; Port Connectivity Checks: "randomfsm:r0|debouncer:debouncereact|debounce:db_1|dff_new:d_1"                                                                              ;
+-------+-------+----------+----------------------------------------------------------------------------------------------------------------------------------------------+
; Port  ; Type  ; Severity ; Details                                                                                                                                      ;
+-------+-------+----------+----------------------------------------------------------------------------------------------------------------------------------------------+
; reset ; Input ; Warning  ; Declared by entity but not connected by instance. If a default value exists, it will be used.  Otherwise, the port will be connected to GND. ;
+-------+-------+----------+----------------------------------------------------------------------------------------------------------------------------------------------+


+-------------------------------------------------------------+
; Port Connectivity Checks: "randomfsm:r0|counter1:freecount" ;
+-------+-------+----------+----------------------------------+
; Port  ; Type  ; Severity ; Details                          ;
+-------+-------+----------+----------------------------------+
; reset ; Input ; Info     ; Stuck at GND                     ;
+-------+-------+----------+----------------------------------+


+-------------------------------+
; Analysis & Synthesis Messages ;
+-------------------------------+
Info: *******************************************************************
Info: Running Quartus Prime Analysis & Synthesis
    Info: Version 16.0.0 Build 211 04/27/2016 SJ Lite Edition
    Info: Processing started: Fri May  4 12:00:55 2018
Info: Command: quartus_map --read_settings_files=on --write_settings_files=off rxngame -c rxngame
Warning (20028): Parallel compilation is not licensed and has been disabled
Info (12021): Found 2 design units, including 1 entities, in source file Assign.vhd
    Info (12022): Found design unit 1: Assign-Behave File: /home/ritesh/Desktop/digitalLab/rxngame/Assign.vhd Line: 10
    Info (12023): Found entity 1: Assign File: /home/ritesh/Desktop/digitalLab/rxngame/Assign.vhd Line: 5
Info (12021): Found 2 design units, including 1 entities, in source file /home/ritesh/Desktop/digitalLab/debounce/debounce.vhd
    Info (12022): Found design unit 1: debounce-Behave File: /home/ritesh/Desktop/digitalLab/debounce/debounce.vhd Line: 11
    Info (12023): Found entity 1: debounce File: /home/ritesh/Desktop/digitalLab/debounce/debounce.vhd Line: 8
Info (12021): Found 2 design units, including 1 entities, in source file /home/ritesh/Desktop/digitalLab/debounce/divider.vhd
    Info (12022): Found design unit 1: divider-Behave File: /home/ritesh/Desktop/digitalLab/debounce/divider.vhd Line: 11
    Info (12023): Found entity 1: divider File: /home/ritesh/Desktop/digitalLab/debounce/divider.vhd Line: 8
Info (12021): Found 2 design units, including 1 entities, in source file /home/ritesh/Desktop/digitalLab/debounce/dff_new.vhdl
    Info (12022): Found design unit 1: dff_new-anything File: /home/ritesh/Desktop/digitalLab/debounce/dff_new.vhdl Line: 13
    Info (12023): Found entity 1: dff_new File: /home/ritesh/Desktop/digitalLab/debounce/dff_new.vhdl Line: 9
Info (12021): Found 2 design units, including 1 entities, in source file /home/ritesh/Desktop/digitalLab/debounce/counter4.vhd
    Info (12022): Found design unit 1: counter4-Behave File: /home/ritesh/Desktop/digitalLab/debounce/counter4.vhd Line: 11
    Info (12023): Found entity 1: counter4 File: /home/ritesh/Desktop/digitalLab/debounce/counter4.vhd Line: 8
Info (12021): Found 2 design units, including 1 entities, in source file /home/ritesh/Desktop/digitalLab/debounce/debouncer.vhd
    Info (12022): Found design unit 1: debouncer-Behave File: /home/ritesh/Desktop/digitalLab/debounce/debouncer.vhd Line: 12
    Info (12023): Found entity 1: debouncer File: /home/ritesh/Desktop/digitalLab/debounce/debouncer.vhd Line: 8
Info (12021): Found 2 design units, including 1 entities, in source file lcd_controller.vhd
    Info (12022): Found design unit 1: lcd_controller-Behavioral File: /home/ritesh/Desktop/digitalLab/rxngame/lcd_controller.vhd Line: 24
    Info (12023): Found entity 1: lcd_controller File: /home/ritesh/Desktop/digitalLab/rxngame/lcd_controller.vhd Line: 6
Info (12021): Found 2 design units, including 1 entities, in source file random.vhd
    Info (12022): Found design unit 1: random-Behavioral File: /home/ritesh/Desktop/digitalLab/rxngame/random.vhd Line: 10
    Info (12023): Found entity 1: random File: /home/ritesh/Desktop/digitalLab/rxngame/random.vhd Line: 5
Info (12021): Found 2 design units, including 1 entities, in source file randomfsm.vhd
    Info (12022): Found design unit 1: randomfsm-Behavioral File: /home/ritesh/Desktop/digitalLab/rxngame/randomfsm.vhd Line: 12
    Info (12023): Found entity 1: randomfsm File: /home/ritesh/Desktop/digitalLab/rxngame/randomfsm.vhd Line: 6
Info (12021): Found 2 design units, including 1 entities, in source file counter1.vhd
    Info (12022): Found design unit 1: counter1-bhv File: /home/ritesh/Desktop/digitalLab/rxngame/counter1.vhd Line: 10
    Info (12023): Found entity 1: counter1 File: /home/ritesh/Desktop/digitalLab/rxngame/counter1.vhd Line: 5
Info (12021): Found 2 design units, including 1 entities, in source file counter2.vhd
    Info (12022): Found design unit 1: counter2-bhv File: /home/ritesh/Desktop/digitalLab/rxngame/counter2.vhd Line: 10
    Info (12023): Found entity 1: counter2 File: /home/ritesh/Desktop/digitalLab/rxngame/counter2.vhd Line: 5
Info (12021): Found 2 design units, including 1 entities, in source file global_counter.vhd
    Info (12022): Found design unit 1: global_counter-bhv File: /home/ritesh/Desktop/digitalLab/rxngame/global_counter.vhd Line: 12
    Info (12023): Found entity 1: global_counter File: /home/ritesh/Desktop/digitalLab/rxngame/global_counter.vhd Line: 7
Info (12021): Found 2 design units, including 1 entities, in source file msclock.vhd
    Info (12022): Found design unit 1: msclock-bhv File: /home/ritesh/Desktop/digitalLab/rxngame/msclock.vhd Line: 10
    Info (12023): Found entity 1: msclock File: /home/ritesh/Desktop/digitalLab/rxngame/msclock.vhd Line: 5
Info (12021): Found 2 design units, including 1 entities, in source file final.vhd
    Info (12022): Found design unit 1: final-Behave File: /home/ritesh/Desktop/digitalLab/rxngame/final.vhd Line: 13
    Info (12023): Found entity 1: final File: /home/ritesh/Desktop/digitalLab/rxngame/final.vhd Line: 5
Info (12127): Elaborating entity "final" for the top level hierarchy
Info (12128): Elaborating entity "randomfsm" for hierarchy "randomfsm:r0" File: /home/ritesh/Desktop/digitalLab/rxngame/final.vhd Line: 61
Warning (10492): VHDL Process Statement warning at randomfsm.vhd(214): signal "wait1sedge" is read inside the Process Statement but isn't in the Process Statement's sensitivity list File: /home/ritesh/Desktop/digitalLab/rxngame/randomfsm.vhd Line: 214
Warning (10492): VHDL Process Statement warning at randomfsm.vhd(248): signal "wait1sedge" is read inside the Process Statement but isn't in the Process Statement's sensitivity list File: /home/ritesh/Desktop/digitalLab/rxngame/randomfsm.vhd Line: 248
Warning (10492): VHDL Process Statement warning at randomfsm.vhd(268): signal "count" is read inside the Process Statement but isn't in the Process Statement's sensitivity list File: /home/ritesh/Desktop/digitalLab/rxngame/randomfsm.vhd Line: 268
Warning (10631): VHDL Process Statement warning at randomfsm.vhd(53): inferring latch(es) for signal or variable "next_state", which holds its previous value in one or more paths through the process File: /home/ritesh/Desktop/digitalLab/rxngame/randomfsm.vhd Line: 53
Info (10041): Inferred latch for "next_state.sfinish" at randomfsm.vhd(53) File: /home/ritesh/Desktop/digitalLab/rxngame/randomfsm.vhd Line: 53
Info (10041): Inferred latch for "next_state.scountadd" at randomfsm.vhd(53) File: /home/ritesh/Desktop/digitalLab/rxngame/randomfsm.vhd Line: 53
Info (10041): Inferred latch for "next_state.sgameover" at randomfsm.vhd(53) File: /home/ritesh/Desktop/digitalLab/rxngame/randomfsm.vhd Line: 53
Info (10041): Inferred latch for "next_state.swait1s2" at randomfsm.vhd(53) File: /home/ritesh/Desktop/digitalLab/rxngame/randomfsm.vhd Line: 53
Info (10041): Inferred latch for "next_state.swait2s" at randomfsm.vhd(53) File: /home/ritesh/Desktop/digitalLab/rxngame/randomfsm.vhd Line: 53
Info (10041): Inferred latch for "next_state.sled" at randomfsm.vhd(53) File: /home/ritesh/Desktop/digitalLab/rxngame/randomfsm.vhd Line: 53
Info (10041): Inferred latch for "next_state.swait1s" at randomfsm.vhd(53) File: /home/ritesh/Desktop/digitalLab/rxngame/randomfsm.vhd Line: 53
Info (10041): Inferred latch for "next_state.sstart" at randomfsm.vhd(53) File: /home/ritesh/Desktop/digitalLab/rxngame/randomfsm.vhd Line: 53
Info (12128): Elaborating entity "counter1" for hierarchy "randomfsm:r0|counter1:onescount1" File: /home/ritesh/Desktop/digitalLab/rxngame/randomfsm.vhd Line: 311
Warning (10492): VHDL Process Statement warning at counter1.vhd(31): signal "tmp" is read inside the Process Statement but isn't in the Process Statement's sensitivity list File: /home/ritesh/Desktop/digitalLab/rxngame/counter1.vhd Line: 31
Info (12128): Elaborating entity "random" for hierarchy "randomfsm:r0|random:ranfsm1" File: /home/ritesh/Desktop/digitalLab/rxngame/randomfsm.vhd Line: 312
Warning (10631): VHDL Process Statement warning at random.vhd(30): inferring latch(es) for signal or variable "o", which holds its previous value in one or more paths through the process File: /home/ritesh/Desktop/digitalLab/rxngame/random.vhd Line: 30
Warning (10631): VHDL Process Statement warning at random.vhd(30): inferring latch(es) for signal or variable "next_state", which holds its previous value in one or more paths through the process File: /home/ritesh/Desktop/digitalLab/rxngame/random.vhd Line: 30
Info (12128): Elaborating entity "counter2" for hierarchy "randomfsm:r0|counter2:twoscount" File: /home/ritesh/Desktop/digitalLab/rxngame/randomfsm.vhd Line: 317
Warning (10492): VHDL Process Statement warning at counter2.vhd(30): signal "tmp" is read inside the Process Statement but isn't in the Process Statement's sensitivity list File: /home/ritesh/Desktop/digitalLab/rxngame/counter2.vhd Line: 30
Info (12128): Elaborating entity "global_counter" for hierarchy "randomfsm:r0|global_counter:global1" File: /home/ritesh/Desktop/digitalLab/rxngame/randomfsm.vhd Line: 322
Info (12128): Elaborating entity "msclock" for hierarchy "randomfsm:r0|msclock:msclock1" File: /home/ritesh/Desktop/digitalLab/rxngame/randomfsm.vhd Line: 324
Warning (10492): VHDL Process Statement warning at msclock.vhd(30): signal "tmp" is read inside the Process Statement but isn't in the Process Statement's sensitivity list File: /home/ritesh/Desktop/digitalLab/rxngame/msclock.vhd Line: 30
Info (12128): Elaborating entity "debouncer" for hierarchy "randomfsm:r0|debouncer:debouncereact" File: /home/ritesh/Desktop/digitalLab/rxngame/randomfsm.vhd Line: 326
Info (12128): Elaborating entity "divider" for hierarchy "randomfsm:r0|debouncer:debouncereact|divider:d_1" File: /home/ritesh/Desktop/digitalLab/debounce/debouncer.vhd Line: 27
Info (12128): Elaborating entity "counter4" for hierarchy "randomfsm:r0|debouncer:debouncereact|divider:d_1|counter4:c_1" File: /home/ritesh/Desktop/digitalLab/debounce/divider.vhd Line: 19
Info (12128): Elaborating entity "dff_new" for hierarchy "randomfsm:r0|debouncer:debouncereact|divider:d_1|counter4:c_1|dff_new:d_1" File: /home/ritesh/Desktop/digitalLab/debounce/counter4.vhd Line: 21
Info (12128): Elaborating entity "debounce" for hierarchy "randomfsm:r0|debouncer:debouncereact|debounce:db_1" File: /home/ritesh/Desktop/digitalLab/debounce/debouncer.vhd Line: 28
Info (12128): Elaborating entity "Assign" for hierarchy "Assign:A0" File: /home/ritesh/Desktop/digitalLab/rxngame/final.vhd Line: 66
Warning (10492): VHDL Process Statement warning at Assign.vhd(19): signal "X1" is read inside the Process Statement but isn't in the Process Statement's sensitivity list File: /home/ritesh/Desktop/digitalLab/rxngame/Assign.vhd Line: 19
Info (12128): Elaborating entity "lcd_controller" for hierarchy "lcd_controller:LCD1" File: /home/ritesh/Desktop/digitalLab/rxngame/final.vhd Line: 72
Warning (10036): Verilog HDL or VHDL warning at lcd_controller.vhd(32): object "count_next_data" assigned a value but never read File: /home/ritesh/Desktop/digitalLab/rxngame/lcd_controller.vhd Line: 32
Warning (10036): Verilog HDL or VHDL warning at lcd_controller.vhd(33): object "count_next_data1" assigned a value but never read File: /home/ritesh/Desktop/digitalLab/rxngame/lcd_controller.vhd Line: 33
Warning (10036): Verilog HDL or VHDL warning at lcd_controller.vhd(34): object "cmd_line_next" assigned a value but never read File: /home/ritesh/Desktop/digitalLab/rxngame/lcd_controller.vhd Line: 34
Warning (19016): Clock multiplexers are found and protected
    Warning (19017): Found clock multiplexer randomfsm:r0|random:ranfsm2|Selector0~0 File: /home/ritesh/Desktop/digitalLab/rxngame/random.vhd Line: 32
Warning (14026): LATCH primitive "randomfsm:r0|next_state.sstart_864" is permanently enabled File: /home/ritesh/Desktop/digitalLab/rxngame/randomfsm.vhd Line: 53
Warning (14026): LATCH primitive "randomfsm:r0|next_state.swait1s_831" is permanently enabled File: /home/ritesh/Desktop/digitalLab/rxngame/randomfsm.vhd Line: 53
Warning (14026): LATCH primitive "randomfsm:r0|next_state.sled_798" is permanently enabled File: /home/ritesh/Desktop/digitalLab/rxngame/randomfsm.vhd Line: 53
Warning (14026): LATCH primitive "randomfsm:r0|next_state.swait2s_765" is permanently enabled File: /home/ritesh/Desktop/digitalLab/rxngame/randomfsm.vhd Line: 53
Warning (14026): LATCH primitive "randomfsm:r0|next_state.swait1s2_732" is permanently enabled File: /home/ritesh/Desktop/digitalLab/rxngame/randomfsm.vhd Line: 53
Warning (14026): LATCH primitive "randomfsm:r0|next_state.sgameover_699" is permanently enabled File: /home/ritesh/Desktop/digitalLab/rxngame/randomfsm.vhd Line: 53
Warning (14026): LATCH primitive "randomfsm:r0|next_state.scountadd_666" is permanently enabled File: /home/ritesh/Desktop/digitalLab/rxngame/randomfsm.vhd Line: 53
Warning (14026): LATCH primitive "randomfsm:r0|next_state.sfinish_633" is permanently enabled File: /home/ritesh/Desktop/digitalLab/rxngame/randomfsm.vhd Line: 53
Warning (12241): 2 hierarchies have connectivity warnings - see the Connectivity Checks report folder
Warning (13024): Output pins are stuck at VCC or GND
    Warning (13410): Pin "rw" is stuck at GND File: /home/ritesh/Desktop/digitalLab/rxngame/final.vhd Line: 10
    Warning (13410): Pin "b11" is stuck at VCC File: /home/ritesh/Desktop/digitalLab/rxngame/final.vhd Line: 10
    Warning (13410): Pin "b12" is stuck at GND File: /home/ritesh/Desktop/digitalLab/rxngame/final.vhd Line: 10
Info (18000): Registers with preset signals will power-up high File: /home/ritesh/Desktop/digitalLab/rxngame/counter1.vhd Line: 20
Info (17049): 2 registers lost all their fanouts during netlist optimizations.
Info (21057): Implemented 559 device resources after synthesis - the final resource count might be different
    Info (21058): Implemented 3 input pins
    Info (21059): Implemented 18 output pins
    Info (21061): Implemented 538 logic cells
Info: Quartus Prime Analysis & Synthesis was successful. 0 errors, 29 warnings
    Info: Peak virtual memory: 1215 megabytes
    Info: Processing ended: Fri May  4 12:01:07 2018
    Info: Elapsed time: 00:00:12
    Info: Total CPU time (on all processors): 00:00:28


