Analysis & Synthesis report for endsem
Sat Apr 21 16:40:58 2018
Quartus Prime Version 16.0.0 Build 211 04/27/2016 SJ Lite Edition


---------------------
; Table of Contents ;
---------------------
  1. Legal Notice
  2. Analysis & Synthesis Summary
  3. Analysis & Synthesis Settings
  4. Parallel Compilation
  5. Analysis & Synthesis Source Files Read
  6. Analysis & Synthesis Resource Usage Summary
  7. Analysis & Synthesis Resource Utilization by Entity
  8. State Machine - |Top1|Scan_Chain:scan_instance|current_state
  9. General Register Statistics
 10. Multiplexer Restructuring Statistics (Restructuring Performed)
 11. Parameter Settings for User Entity Instance: Scan_Chain:scan_instance
 12. Parameter Settings for User Entity Instance: Scan_Chain:scan_instance|Scan_Reg:In_Reg
 13. Parameter Settings for User Entity Instance: Scan_Chain:scan_instance|Scan_Reg:Out_Reg
 14. Port Connectivity Checks: "Scan_Chain:scan_instance|Scan_Reg:Out_Reg"
 15. Port Connectivity Checks: "Scan_Chain:scan_instance|Scan_Reg:In_Reg"
 16. Port Connectivity Checks: "Scan_Chain:scan_instance"
 17. Analysis & Synthesis Messages



----------------
; Legal Notice ;
----------------
Copyright (C) 1991-2016 Altera Corporation. All rights reserved.
Your use of Altera Corporation's design tools, logic functions 
and other software and tools, and its AMPP partner logic 
functions, and any output files from any of the foregoing 
(including device programming or simulation files), and any 
associated documentation or information are expressly subject 
to the terms and conditions of the Altera Program License 
Subscription Agreement, the Altera Quartus Prime License Agreement,
the Altera MegaCore Function License Agreement, or other 
applicable license agreement, including, without limitation, 
that your use is for the sole purpose of programming logic 
devices manufactured by Altera and sold by Altera or its 
authorized distributors.  Please refer to the applicable 
agreement for further details.



+---------------------------------------------------------------------------+
; Analysis & Synthesis Summary                                              ;
+-----------------------------+---------------------------------------------+
; Analysis & Synthesis Status ; Successful - Sat Apr 21 16:40:58 2018       ;
; Quartus Prime Version       ; 16.0.0 Build 211 04/27/2016 SJ Lite Edition ;
; Revision Name               ; endsem                                      ;
; Top-level Entity Name       ; Top1                                        ;
; Family                      ; MAX V                                       ;
; Total logic elements        ; 27                                          ;
; Total pins                  ; 5                                           ;
; Total virtual pins          ; 0                                           ;
; UFM blocks                  ; 0 / 1 ( 0 % )                               ;
+-----------------------------+---------------------------------------------+


+----------------------------------------------------------------------------------------------------------------------+
; Analysis & Synthesis Settings                                                                                        ;
+----------------------------------------------------------------------------+--------------------+--------------------+
; Option                                                                     ; Setting            ; Default Value      ;
+----------------------------------------------------------------------------+--------------------+--------------------+
; Device                                                                     ; 5M1270ZT144C5      ;                    ;
; Top-level entity name                                                      ; Top1               ; endsem             ;
; Family name                                                                ; MAX V              ; Cyclone V          ;
; Use smart compilation                                                      ; Off                ; Off                ;
; Enable parallel Assembler and TimeQuest Timing Analyzer during compilation ; On                 ; On                 ;
; Enable compact report table                                                ; Off                ; Off                ;
; Restructure Multiplexers                                                   ; Auto               ; Auto               ;
; Create Debugging Nodes for IP Cores                                        ; Off                ; Off                ;
; Preserve fewer node names                                                  ; On                 ; On                 ;
; Disable OpenCore Plus hardware evaluation                                  ; Off                ; Off                ;
; Verilog Version                                                            ; Verilog_2001       ; Verilog_2001       ;
; VHDL Version                                                               ; VHDL_1993          ; VHDL_1993          ;
; State Machine Processing                                                   ; Auto               ; Auto               ;
; Safe State Machine                                                         ; Off                ; Off                ;
; Extract Verilog State Machines                                             ; On                 ; On                 ;
; Extract VHDL State Machines                                                ; On                 ; On                 ;
; Ignore Verilog initial constructs                                          ; Off                ; Off                ;
; Iteration limit for constant Verilog loops                                 ; 5000               ; 5000               ;
; Iteration limit for non-constant Verilog loops                             ; 250                ; 250                ;
; Add Pass-Through Logic to Inferred RAMs                                    ; On                 ; On                 ;
; Infer RAMs from Raw Logic                                                  ; On                 ; On                 ;
; Parallel Synthesis                                                         ; On                 ; On                 ;
; NOT Gate Push-Back                                                         ; On                 ; On                 ;
; Power-Up Don't Care                                                        ; On                 ; On                 ;
; Remove Redundant Logic Cells                                               ; Off                ; Off                ;
; Remove Duplicate Registers                                                 ; On                 ; On                 ;
; Ignore CARRY Buffers                                                       ; Off                ; Off                ;
; Ignore CASCADE Buffers                                                     ; Off                ; Off                ;
; Ignore GLOBAL Buffers                                                      ; Off                ; Off                ;
; Ignore ROW GLOBAL Buffers                                                  ; Off                ; Off                ;
; Ignore LCELL Buffers                                                       ; Off                ; Off                ;
; Ignore SOFT Buffers                                                        ; On                 ; On                 ;
; Limit AHDL Integers to 32 Bits                                             ; Off                ; Off                ;
; Optimization Technique                                                     ; Balanced           ; Balanced           ;
; Carry Chain Length                                                         ; 70                 ; 70                 ;
; Auto Carry Chains                                                          ; On                 ; On                 ;
; Auto Open-Drain Pins                                                       ; On                 ; On                 ;
; Perform WYSIWYG Primitive Resynthesis                                      ; Off                ; Off                ;
; Auto Shift Register Replacement                                            ; Auto               ; Auto               ;
; Allow Shift Register Merging across Hierarchies                            ; Auto               ; Auto               ;
; Auto Clock Enable Replacement                                              ; On                 ; On                 ;
; Allow Synchronous Control Signals                                          ; On                 ; On                 ;
; Force Use of Synchronous Clear Signals                                     ; Off                ; Off                ;
; Auto Resource Sharing                                                      ; Off                ; Off                ;
; Use LogicLock Constraints during Resource Balancing                        ; On                 ; On                 ;
; Ignore translate_off and synthesis_off directives                          ; Off                ; Off                ;
; Report Parameter Settings                                                  ; On                 ; On                 ;
; Report Source Assignments                                                  ; On                 ; On                 ;
; Report Connectivity Checks                                                 ; On                 ; On                 ;
; Ignore Maximum Fan-Out Assignments                                         ; Off                ; Off                ;
; Synchronization Register Chain Length                                      ; 2                  ; 2                  ;
; PowerPlay Power Optimization During Synthesis                              ; Normal compilation ; Normal compilation ;
; HDL message level                                                          ; Level2             ; Level2             ;
; Suppress Register Optimization Related Messages                            ; Off                ; Off                ;
; Number of Removed Registers Reported in Synthesis Report                   ; 5000               ; 5000               ;
; Number of Swept Nodes Reported in Synthesis Report                         ; 5000               ; 5000               ;
; Number of Inverted Registers Reported in Synthesis Report                  ; 100                ; 100                ;
; Clock MUX Protection                                                       ; On                 ; On                 ;
; Block Design Naming                                                        ; Auto               ; Auto               ;
; Synthesis Effort                                                           ; Auto               ; Auto               ;
; Shift Register Replacement - Allow Asynchronous Clear Signal               ; On                 ; On                 ;
; Analysis & Synthesis Message Level                                         ; Medium             ; Medium             ;
; Disable Register Merging Across Hierarchies                                ; Auto               ; Auto               ;
; Synthesis Seed                                                             ; 1                  ; 1                  ;
+----------------------------------------------------------------------------+--------------------+--------------------+


Parallel compilation was disabled, but you have multiple processors available. Enable parallel compilation to reduce compilation time.
+-------------------------------------+
; Parallel Compilation                ;
+----------------------------+--------+
; Processors                 ; Number ;
+----------------------------+--------+
; Number detected on machine ; 4      ;
; Maximum allowed            ; 1      ;
+----------------------------+--------+


+---------------------------------------------------------------------------------------------------------------------------------------+
; Analysis & Synthesis Source Files Read                                                                                                ;
+----------------------------------+-----------------+-----------------+------------------------------------------------------+---------+
; File Name with User-Entered Path ; Used in Netlist ; File Type       ; File Name with Absolute Path                         ; Library ;
+----------------------------------+-----------------+-----------------+------------------------------------------------------+---------+
; scan_chain.vhdl                  ; yes             ; User VHDL File  ; /home/ritesh/Desktop/endsemprep/scan_chain.vhdl      ;         ;
; scan_reg.vhdl                    ; yes             ; User VHDL File  ; /home/ritesh/Desktop/endsemprep/scan_reg.vhdl        ;         ;
; Top1.vhd                         ; yes             ; User VHDL File  ; /home/ritesh/Desktop/endsemprep/Top1.vhd             ;         ;
; dut.vhd                          ; yes             ; User VHDL File  ; /home/ritesh/Desktop/endsemprep/dut.vhd              ;         ;
; EE224_Components.vhd             ; yes             ; User VHDL File  ; /home/ritesh/Desktop/endsemprep/EE224_Components.vhd ;         ;
; dff_new.vhdl                     ; yes             ; User VHDL File  ; /home/ritesh/Desktop/endsemprep/dff_new.vhdl         ;         ;
; endsem.vhd                       ; yes             ; User VHDL File  ; /home/ritesh/Desktop/endsemprep/endsem.vhd           ;         ;
+----------------------------------+-----------------+-----------------+------------------------------------------------------+---------+


+-----------------------------------------------------+
; Analysis & Synthesis Resource Usage Summary         ;
+---------------------------------------------+-------+
; Resource                                    ; Usage ;
+---------------------------------------------+-------+
; Total logic elements                        ; 27    ;
;     -- Combinational with no register       ; 9     ;
;     -- Register only                        ; 1     ;
;     -- Combinational with a register        ; 17    ;
;                                             ;       ;
; Logic element usage by number of LUT inputs ;       ;
;     -- 4 input functions                    ; 7     ;
;     -- 3 input functions                    ; 12    ;
;     -- 2 input functions                    ; 7     ;
;     -- 1 input functions                    ; 0     ;
;     -- 0 input functions                    ; 0     ;
;                                             ;       ;
; Logic elements by mode                      ;       ;
;     -- normal mode                          ; 27    ;
;     -- arithmetic mode                      ; 0     ;
;     -- qfbk mode                            ; 0     ;
;     -- register cascade mode                ; 0     ;
;     -- synchronous clear/load mode          ; 1     ;
;     -- asynchronous clear/load mode         ; 5     ;
;                                             ;       ;
; Total registers                             ; 18    ;
; I/O pins                                    ; 5     ;
; Maximum fan-out node                        ; TRST  ;
; Maximum fan-out                             ; 22    ;
; Total fan-out                               ; 113   ;
; Average fan-out                             ; 3.53  ;
+---------------------------------------------+-------+


+-------------------------------------------------------------------------------------------------------------------------------------------------------------------------------------------------------------------------------------------------------------------+
; Analysis & Synthesis Resource Utilization by Entity                                                                                                                                                                                                               ;
+-------------------------------+-------------+--------------+------------+------+--------------+--------------+-------------------+------------------+-----------------+------------+-------------------------------------------------+-------------+--------------+
; Compilation Hierarchy Node    ; Logic Cells ; LC Registers ; UFM Blocks ; Pins ; Virtual Pins ; LUT-Only LCs ; Register-Only LCs ; LUT/Register LCs ; Carry Chain LCs ; Packed LCs ; Full Hierarchy Name                             ; Entity Name ; Library Name ;
+-------------------------------+-------------+--------------+------------+------+--------------+--------------+-------------------+------------------+-----------------+------------+-------------------------------------------------+-------------+--------------+
; |Top1                         ; 27 (0)      ; 18           ; 0          ; 5    ; 0            ; 9 (0)        ; 1 (0)             ; 17 (0)           ; 0 (0)           ; 0 (0)      ; |Top1                                           ; Top1        ; work         ;
;    |Scan_Chain:scan_instance| ; 25 (7)      ; 16           ; 0          ; 0    ; 0            ; 9 (2)        ; 1 (1)             ; 15 (4)           ; 0 (0)           ; 0 (0)      ; |Top1|Scan_Chain:scan_instance                  ; Scan_Chain  ; work         ;
;       |Scan_Reg:In_Reg|       ; 15 (15)     ; 10           ; 0          ; 0    ; 0            ; 5 (5)        ; 0 (0)             ; 10 (10)          ; 0 (0)           ; 0 (0)      ; |Top1|Scan_Chain:scan_instance|Scan_Reg:In_Reg  ; Scan_Reg    ; work         ;
;       |Scan_Reg:Out_Reg|      ; 3 (3)       ; 1            ; 0          ; 0    ; 0            ; 2 (2)        ; 0 (0)             ; 1 (1)            ; 0 (0)           ; 0 (0)      ; |Top1|Scan_Chain:scan_instance|Scan_Reg:Out_Reg ; Scan_Reg    ; work         ;
;    |dut:dut1|                 ; 2 (0)       ; 2            ; 0          ; 0    ; 0            ; 0 (0)        ; 0 (0)             ; 2 (0)            ; 0 (0)           ; 0 (0)      ; |Top1|dut:dut1                                  ; dut         ; work         ;
;       |endsem:dut1|           ; 2 (0)       ; 2            ; 0          ; 0    ; 0            ; 0 (0)        ; 0 (0)             ; 2 (0)            ; 0 (0)           ; 0 (0)      ; |Top1|dut:dut1|endsem:dut1                      ; endsem      ; work         ;
;          |dff_new:d_1|        ; 1 (1)       ; 1            ; 0          ; 0    ; 0            ; 0 (0)        ; 0 (0)             ; 1 (1)            ; 0 (0)           ; 0 (0)      ; |Top1|dut:dut1|endsem:dut1|dff_new:d_1          ; dff_new     ; work         ;
;          |dff_new:d_2|        ; 1 (1)       ; 1            ; 0          ; 0    ; 0            ; 0 (0)        ; 0 (0)             ; 1 (1)            ; 0 (0)           ; 0 (0)      ; |Top1|dut:dut1|endsem:dut1|dff_new:d_2          ; dff_new     ; work         ;
+-------------------------------+-------------+--------------+------------+------+--------------+--------------+-------------------+------------------+-----------------+------------+-------------------------------------------------+-------------+--------------+
Note: For table entries with two numbers listed, the numbers in parentheses indicate the number of resources of the given type used by the specific entity alone. The numbers listed outside of parentheses indicate the total resources of the given type used by the specific entity and all of its sub-entities in the hierarchy.


Encoding Type:  One-Hot
+------------------------------------------------------------------------------------------------------------------------------------------------+
; State Machine - |Top1|Scan_Chain:scan_instance|current_state                                                                                   ;
+-------------------------+------------------------+-----------------------+-------------------------+--------------------+----------------------+
; Name                    ; current_state.s_update ; current_state.s_shift ; current_state.s_capture ; current_state.s_DR ; current_state.s_idle ;
+-------------------------+------------------------+-----------------------+-------------------------+--------------------+----------------------+
; current_state.s_idle    ; 0                      ; 0                     ; 0                       ; 0                  ; 0                    ;
; current_state.s_DR      ; 0                      ; 0                     ; 0                       ; 1                  ; 1                    ;
; current_state.s_capture ; 0                      ; 0                     ; 1                       ; 0                  ; 1                    ;
; current_state.s_shift   ; 0                      ; 1                     ; 0                       ; 0                  ; 1                    ;
; current_state.s_update  ; 1                      ; 0                     ; 0                       ; 0                  ; 1                    ;
+-------------------------+------------------------+-----------------------+-------------------------+--------------------+----------------------+


+------------------------------------------------------+
; General Register Statistics                          ;
+----------------------------------------------+-------+
; Statistic                                    ; Value ;
+----------------------------------------------+-------+
; Total registers                              ; 18    ;
; Number of registers using Synchronous Clear  ; 1     ;
; Number of registers using Synchronous Load   ; 0     ;
; Number of registers using Asynchronous Clear ; 5     ;
; Number of registers using Asynchronous Load  ; 0     ;
; Number of registers using Clock Enable       ; 10    ;
; Number of registers using Preset             ; 0     ;
+----------------------------------------------+-------+


+--------------------------------------------------------------------------------------------------------------------------------------------------------------------+
; Multiplexer Restructuring Statistics (Restructuring Performed)                                                                                                     ;
+--------------------+-----------+---------------+----------------------+------------------------+------------+------------------------------------------------------+
; Multiplexer Inputs ; Bus Width ; Baseline Area ; Area if Restructured ; Saving if Restructured ; Registered ; Example Multiplexer Output                           ;
+--------------------+-----------+---------------+----------------------+------------------------+------------+------------------------------------------------------+
; 3:1                ; 3 bits    ; 6 LEs         ; 3 LEs                ; 3 LEs                  ; Yes        ; |Top1|Scan_Chain:scan_instance|Scan_Reg:In_Reg|L2[0] ;
; 4:1                ; 7 bits    ; 14 LEs        ; 7 LEs                ; 7 LEs                  ; Yes        ; |Top1|Scan_Chain:scan_instance|Scan_Reg:In_Reg|L1[6] ;
+--------------------+-----------+---------------+----------------------+------------------------+------------+------------------------------------------------------+


+-----------------------------------------------------------------------+
; Parameter Settings for User Entity Instance: Scan_Chain:scan_instance ;
+----------------+-------+----------------------------------------------+
; Parameter Name ; Value ; Type                                         ;
+----------------+-------+----------------------------------------------+
; in_pins        ; 7     ; Signed Integer                               ;
; out_pins       ; 1     ; Signed Integer                               ;
+----------------+-------+----------------------------------------------+
Note: In order to hide this table in the UI and the text report file, please set the "Show Parameter Settings in Synthesis Report" option in "Analysis and Synthesis Settings -> More Settings" to "Off".


+---------------------------------------------------------------------------------------+
; Parameter Settings for User Entity Instance: Scan_Chain:scan_instance|Scan_Reg:In_Reg ;
+----------------+-------+--------------------------------------------------------------+
; Parameter Name ; Value ; Type                                                         ;
+----------------+-------+--------------------------------------------------------------+
; length         ; 7     ; Signed Integer                                               ;
+----------------+-------+--------------------------------------------------------------+
Note: In order to hide this table in the UI and the text report file, please set the "Show Parameter Settings in Synthesis Report" option in "Analysis and Synthesis Settings -> More Settings" to "Off".


+----------------------------------------------------------------------------------------+
; Parameter Settings for User Entity Instance: Scan_Chain:scan_instance|Scan_Reg:Out_Reg ;
+----------------+-------+---------------------------------------------------------------+
; Parameter Name ; Value ; Type                                                          ;
+----------------+-------+---------------------------------------------------------------+
; length         ; 1     ; Signed Integer                                                ;
+----------------+-------+---------------------------------------------------------------+
Note: In order to hide this table in the UI and the text report file, please set the "Show Parameter Settings in Synthesis Report" option in "Analysis and Synthesis Settings -> More Settings" to "Off".


+----------------------------------------------------------------------------------------------------------------+
; Port Connectivity Checks: "Scan_Chain:scan_instance|Scan_Reg:Out_Reg"                                          ;
+------+--------+----------+-------------------------------------------------------------------------------------+
; Port ; Type   ; Severity ; Details                                                                             ;
+------+--------+----------+-------------------------------------------------------------------------------------+
; po   ; Output ; Info     ; Connected to dangling logic. Logic that only feeds a dangling port will be removed. ;
+------+--------+----------+-------------------------------------------------------------------------------------+


+----------------------------------------------------------------------+
; Port Connectivity Checks: "Scan_Chain:scan_instance|Scan_Reg:In_Reg" ;
+------+-------+----------+--------------------------------------------+
; Port ; Type  ; Severity ; Details                                    ;
+------+-------+----------+--------------------------------------------+
; pi   ; Input ; Info     ; Stuck at GND                               ;
+------+-------+----------+--------------------------------------------+


+------------------------------------------------------------------------------------------------------------------------+
; Port Connectivity Checks: "Scan_Chain:scan_instance"                                                                   ;
+--------------+--------+----------+-------------------------------------------------------------------------------------+
; Port         ; Type   ; Severity ; Details                                                                             ;
+--------------+--------+----------+-------------------------------------------------------------------------------------+
; dut_in[6..3] ; Output ; Info     ; Connected to dangling logic. Logic that only feeds a dangling port will be removed. ;
+--------------+--------+----------+-------------------------------------------------------------------------------------+


+-------------------------------+
; Analysis & Synthesis Messages ;
+-------------------------------+
Info: *******************************************************************
Info: Running Quartus Prime Analysis & Synthesis
    Info: Version 16.0.0 Build 211 04/27/2016 SJ Lite Edition
    Info: Processing started: Sat Apr 21 16:40:46 2018
Info: Command: quartus_map --read_settings_files=on --write_settings_files=off endsem -c endsem
Warning (20028): Parallel compilation is not licensed and has been disabled
Info (12021): Found 2 design units, including 1 entities, in source file scan_chain.vhdl
    Info (12022): Found design unit 1: Scan_Chain-behave File: /home/ritesh/Desktop/endsemprep/scan_chain.vhdl Line: 26
    Info (12023): Found entity 1: Scan_Chain File: /home/ritesh/Desktop/endsemprep/scan_chain.vhdl Line: 10
Info (12021): Found 2 design units, including 1 entities, in source file scan_reg.vhdl
    Info (12022): Found design unit 1: Scan_Reg-behave File: /home/ritesh/Desktop/endsemprep/scan_reg.vhdl Line: 26
    Info (12023): Found entity 1: Scan_Reg File: /home/ritesh/Desktop/endsemprep/scan_reg.vhdl Line: 10
Info (12021): Found 2 design units, including 1 entities, in source file Top1.vhd
    Info (12022): Found design unit 1: Top1-Struct File: /home/ritesh/Desktop/endsemprep/Top1.vhd Line: 21
    Info (12023): Found entity 1: Top1 File: /home/ritesh/Desktop/endsemprep/Top1.vhd Line: 11
Info (12021): Found 2 design units, including 1 entities, in source file dut.vhd
    Info (12022): Found design unit 1: dut-DutWrap File: /home/ritesh/Desktop/endsemprep/dut.vhd Line: 12
    Info (12023): Found entity 1: dut File: /home/ritesh/Desktop/endsemprep/dut.vhd Line: 7
Info (12021): Found 2 design units, including 1 entities, in source file testbench.vhd
    Info (12022): Found design unit 1: testbench-Behave File: /home/ritesh/Desktop/endsemprep/testbench.vhd Line: 12
    Info (12023): Found entity 1: testbench File: /home/ritesh/Desktop/endsemprep/testbench.vhd Line: 10
Info (12021): Found 11 design units, including 5 entities, in source file EE224_Components.vhd
    Info (12022): Found design unit 1: EE224_Components File: /home/ritesh/Desktop/endsemprep/EE224_Components.vhd Line: 7
    Info (12022): Found design unit 2: INVERTER-Behave File: /home/ritesh/Desktop/endsemprep/EE224_Components.vhd Line: 31
    Info (12022): Found design unit 3: AND_2-Behave File: /home/ritesh/Desktop/endsemprep/EE224_Components.vhd Line: 42
    Info (12022): Found design unit 4: OR_2-Behave File: /home/ritesh/Desktop/endsemprep/EE224_Components.vhd Line: 53
    Info (12022): Found design unit 5: NAND_2-Behave File: /home/ritesh/Desktop/endsemprep/EE224_Components.vhd Line: 64
    Info (12022): Found design unit 6: XOR_2-Behave File: /home/ritesh/Desktop/endsemprep/EE224_Components.vhd Line: 75
    Info (12023): Found entity 1: INVERTER File: /home/ritesh/Desktop/endsemprep/EE224_Components.vhd Line: 27
    Info (12023): Found entity 2: AND_2 File: /home/ritesh/Desktop/endsemprep/EE224_Components.vhd Line: 38
    Info (12023): Found entity 3: OR_2 File: /home/ritesh/Desktop/endsemprep/EE224_Components.vhd Line: 49
    Info (12023): Found entity 4: NAND_2 File: /home/ritesh/Desktop/endsemprep/EE224_Components.vhd Line: 60
    Info (12023): Found entity 5: XOR_2 File: /home/ritesh/Desktop/endsemprep/EE224_Components.vhd Line: 71
Info (12021): Found 2 design units, including 1 entities, in source file dff_new.vhdl
    Info (12022): Found design unit 1: dff_new-anything File: /home/ritesh/Desktop/endsemprep/dff_new.vhdl Line: 8
    Info (12023): Found entity 1: dff_new File: /home/ritesh/Desktop/endsemprep/dff_new.vhdl Line: 4
Info (12021): Found 2 design units, including 1 entities, in source file endsem.vhd
    Info (12022): Found design unit 1: endsem-Behave File: /home/ritesh/Desktop/endsemprep/endsem.vhd Line: 19
    Info (12023): Found entity 1: endsem File: /home/ritesh/Desktop/endsemprep/endsem.vhd Line: 12
Info (12127): Elaborating entity "Top1" for the top level hierarchy
Info (12128): Elaborating entity "Scan_Chain" for hierarchy "Scan_Chain:scan_instance" File: /home/ritesh/Desktop/endsemprep/Top1.vhd Line: 51
Warning (10036): Verilog HDL or VHDL warning at scan_chain.vhdl(46): object "unused" assigned a value but never read File: /home/ritesh/Desktop/endsemprep/scan_chain.vhdl Line: 46
Info (12128): Elaborating entity "Scan_Reg" for hierarchy "Scan_Chain:scan_instance|Scan_Reg:In_Reg" File: /home/ritesh/Desktop/endsemprep/scan_chain.vhdl Line: 53
Info (12128): Elaborating entity "Scan_Reg" for hierarchy "Scan_Chain:scan_instance|Scan_Reg:Out_Reg" File: /home/ritesh/Desktop/endsemprep/scan_chain.vhdl Line: 55
Warning (10445): VHDL Subtype or Type Declaration warning at scan_reg.vhdl(36): subtype or type has null range File: /home/ritesh/Desktop/endsemprep/scan_reg.vhdl Line: 36
Info (12128): Elaborating entity "dut" for hierarchy "dut:dut1" File: /home/ritesh/Desktop/endsemprep/Top1.vhd Line: 61
Info (12128): Elaborating entity "endsem" for hierarchy "dut:dut1|endsem:dut1" File: /home/ritesh/Desktop/endsemprep/dut.vhd Line: 21
Info (12128): Elaborating entity "INVERTER" for hierarchy "dut:dut1|endsem:dut1|INVERTER:in1" File: /home/ritesh/Desktop/endsemprep/endsem.vhd Line: 28
Info (12128): Elaborating entity "AND_2" for hierarchy "dut:dut1|endsem:dut1|AND_2:a1" File: /home/ritesh/Desktop/endsemprep/endsem.vhd Line: 34
Info (12128): Elaborating entity "OR_2" for hierarchy "dut:dut1|endsem:dut1|OR_2:o1" File: /home/ritesh/Desktop/endsemprep/endsem.vhd Line: 38
Info (12128): Elaborating entity "dff_new" for hierarchy "dut:dut1|endsem:dut1|dff_new:d_1" File: /home/ritesh/Desktop/endsemprep/endsem.vhd Line: 59
Info (21057): Implemented 32 device resources after synthesis - the final resource count might be different
    Info (21058): Implemented 4 input pins
    Info (21059): Implemented 1 output pins
    Info (21061): Implemented 27 logic cells
Info: Quartus Prime Analysis & Synthesis was successful. 0 errors, 3 warnings
    Info: Peak virtual memory: 1227 megabytes
    Info: Processing ended: Sat Apr 21 16:40:58 2018
    Info: Elapsed time: 00:00:12
    Info: Total CPU time (on all processors): 00:00:29


